-------------------------
ERROR: 2024/12/22 20:55:56 [config/config.go:31] Error reading config file, Config File "config" Not Found in "[/Users/honghavan/Documents]"
INFO: 2024/12/22 20:55:56 [config/config.go:40] Config loaded successfully
ERROR: 2024/12/22 20:55:56 [internal/db/db.go:40] Unable to connect to database, cannot parse `postgres://:xxxxx@:0/?sslmode=`: invalid port (outside range)
-------------------------
ERROR: 2024/12/22 20:57:02 [config/config.go:31] Error reading config file, Config File "config" Not Found in "[/]"
INFO: 2024/12/22 20:57:02 [config/config.go:40] Config loaded successfully
ERROR: 2024/12/22 20:57:02 [internal/db/db.go:40] Unable to connect to database, cannot parse `postgres://:xxxxx@:0/?sslmode=`: invalid port (outside range)
-------------------------
INFO: 2024/12/22 20:57:12 [config/config.go:40] Config loaded successfully
INFO: 2024/12/22 20:57:12 [internal/db/db.go:50] Connected succesfully to PostgreSQL
ERROR: 2024/12/22 20:57:18 [graph/schema.resolvers.go:40] failed to create user
-------------------------
INFO: 2024/12/22 21:00:58 [config/config.go:40] Config loaded successfully
INFO: 2024/12/22 21:00:58 [internal/db/db.go:50] Connected succesfully to PostgreSQL
ERROR: 2024/12/22 21:01:01 [graph/schema.resolvers.go:40] failed to create user, ERROR: relation "users" does not exist (SQLSTATE 42P01)
-------------------------
INFO: 2024/12/22 21:02:50 [config/config.go:40] Config loaded successfully
INFO: 2024/12/22 21:02:50 [internal/db/db.go:50] Connected succesfully to PostgreSQL
ERROR: 2024/12/22 21:02:52 [graph/schema.resolvers.go:40] failed to create user - ERROR: null value in column "id" of relation "accounts" violates not-null constraint (SQLSTATE 23502)
ERROR: 2024/12/22 21:04:45 [graph/schema.resolvers.go:40] failed to create user - number of field descriptions must equal number of destinations, got 3 and 2
-------------------------
INFO: 2024/12/22 21:07:14 [config/config.go:40] Config loaded successfully
INFO: 2024/12/22 21:07:14 [internal/db/db.go:50] Connected succesfully to PostgreSQL
ERROR: 2024/12/22 21:07:18 [graph/schema.resolvers.go:24] usernametest already exists - <nil>
-------------------------
INFO: 2024/12/22 21:10:12 [config/config.go:40] Config loaded successfully
INFO: 2024/12/22 21:10:12 [internal/db/db.go:50] Connected succesfully to PostgreSQL
ERROR: 2024/12/22 21:10:21 [graph/schema.resolvers.go:42] failed to create user - ERROR: INSERT has more target columns than expressions (SQLSTATE 42601)
-------------------------
INFO: 2024/12/22 21:10:34 [config/config.go:40] Config loaded successfully
INFO: 2024/12/22 21:10:34 [internal/db/db.go:50] Connected succesfully to PostgreSQL
ERROR: 2024/12/22 21:10:37 [graph/schema.resolvers.go:42] failed to create user - ERROR: INSERT has more target columns than expressions (SQLSTATE 42601)
-------------------------
INFO: 2024/12/22 21:11:06 [config/config.go:40] Config loaded successfully
INFO: 2024/12/22 21:11:06 [internal/db/db.go:50] Connected succesfully to PostgreSQL
-------------------------
INFO: 2024/12/22 21:20:44 [config/config.go:40] Config loaded successfully
INFO: 2024/12/22 21:20:44 [internal/db/db.go:50] Connected succesfully to PostgreSQL
ERROR: 2024/12/22 21:20:49 [graph/schema.resolvers.go:41] failed to create user - ERROR: invalid input syntax for type timestamp with time zone: "Asia/Tokyo" (SQLSTATE 22007)
-------------------------
INFO: 2024/12/22 21:22:02 [config/config.go:40] Config loaded successfully
INFO: 2024/12/22 21:22:02 [internal/db/db.go:50] Connected succesfully to PostgreSQL
-------------------------
INFO: 2024/12/22 21:27:21 [config/config.go:40] Config loaded successfully
INFO: 2024/12/22 21:27:21 [internal/db/db.go:50] Connected succesfully to PostgreSQL
INFO: 2024/12/22 21:27:26 [graph/schema.resolvers.go:45] Register new account succesfully. Id: 5, username: username4
-------------------------
INFO: 2024/12/22 21:35:49 [config/config.go:40] Config loaded successfully
INFO: 2024/12/22 21:35:49 [internal/db/db.go:50] Connected succesfully to PostgreSQL
-------------------------
INFO: 2024/12/22 21:36:06 [config/config.go:40] Config loaded successfully
INFO: 2024/12/22 21:36:06 [internal/db/db.go:50] Connected succesfully to PostgreSQL
-------------------------
INFO: 2024/12/22 21:58:00 [config/config.go:40] Config loaded successfully
INFO: 2024/12/22 21:58:00 [internal/db/db.go:50] Connected succesfully to PostgreSQL
ERROR: 2024/12/22 21:58:02 [graph/schema.resolvers.go:24] usernameusername4 already exists - <nil>
-------------------------
INFO: 2024/12/24 01:43:14 [config/config.go:55] Config loaded successfully
INFO: 2024/12/24 01:43:14 [internal/db/db.go:50] Connected succesfully to PostgreSQL
ERROR: 2024/12/24 01:43:57 [graph/schema.resolvers.go:56] invalid username or password - <nil>
ERROR: 2024/12/24 01:44:03 [graph/schema.resolvers.go:56] invalid username or password - <nil>
ERROR: 2024/12/24 01:44:34 [graph/schema.resolvers.go:56] invalid username or password - <nil>
-------------------------
INFO: 2024/12/24 01:45:23 [config/config.go:55] Config loaded successfully
INFO: 2024/12/24 01:45:23 [internal/db/db.go:50] Connected succesfully to PostgreSQL
ERROR: 2024/12/24 01:45:24 [graph/schema.resolvers.go:57] invalid username or password - <nil>
ERROR: 2024/12/24 01:46:18 [graph/schema.resolvers.go:57] invalid username or password - <nil>
-------------------------
INFO: 2024/12/24 01:46:22 [config/config.go:55] Config loaded successfully
INFO: 2024/12/24 01:46:22 [internal/db/db.go:50] Connected succesfully to PostgreSQL
-------------------------
INFO: 2024/12/24 01:47:07 [config/config.go:55] Config loaded successfully
INFO: 2024/12/24 01:47:07 [internal/db/db.go:50] Connected succesfully to PostgreSQL
ERROR: 2024/12/24 01:47:09 [graph/schema.resolvers.go:70] failed to generate token - key is of invalid type
-------------------------
INFO: 2024/12/24 01:49:13 [config/config.go:57] Config loaded successfully
INFO: 2024/12/24 01:49:13 [internal/db/db.go:50] Connected succesfully to PostgreSQL
ERROR: 2024/12/24 01:49:15 [graph/schema.resolvers.go:70] failed to generate token - key is of invalid type
-------------------------
INFO: 2024/12/24 01:49:58 [config/config.go:58] Config loaded successfully
INFO: 2024/12/24 01:49:58 [internal/db/db.go:50] Connected succesfully to PostgreSQL
ERROR: 2024/12/24 01:50:00 [graph/schema.resolvers.go:70] failed to generate token - key is of invalid type
-------------------------
INFO: 2024/12/24 01:50:13 [config/config.go:58] Config loaded successfully
INFO: 2024/12/24 01:50:13 [internal/db/db.go:50] Connected succesfully to PostgreSQL
ERROR: 2024/12/24 01:50:15 [graph/schema.resolvers.go:70] failed to generate token - key is of invalid type
-------------------------
INFO: 2024/12/24 01:52:06 [config/config.go:58] Config loaded successfully
INFO: 2024/12/24 01:52:06 [internal/db/db.go:50] Connected succesfully to PostgreSQL
ERROR: 2024/12/24 01:52:11 [graph/schema.resolvers.go:70] failed to generate token - key is of invalid type
-------------------------
INFO: 2024/12/25 21:28:20 [config/config.go:54] Config loaded successfully
INFO: 2024/12/25 21:28:20 [internal/db/db.go:50] Connected succesfully to PostgreSQL
-------------------------
INFO: 2024/12/25 21:31:20 [config/config.go:54] Config loaded successfully
INFO: 2024/12/25 21:31:20 [internal/db/db.go:50] Connected succesfully to PostgreSQL
-------------------------
INFO: 2024/12/25 21:33:47 [config/config.go:54] Config loaded successfully
INFO: 2024/12/25 21:33:47 [internal/db/db.go:50] Connected succesfully to PostgreSQL
-------------------------
INFO: 2024/12/25 21:34:07 [config/config.go:54] Config loaded successfully
INFO: 2024/12/25 21:34:07 [internal/db/db.go:50] Connected succesfully to PostgreSQL
-------------------------
INFO: 2024/12/25 21:35:32 [config/config.go:54] Config loaded successfully
INFO: 2024/12/25 21:35:32 [internal/db/db.go:50] Connected succesfully to PostgreSQL
-------------------------
INFO: 2024/12/25 21:43:06 [config/config.go:55] Config loaded successfully
INFO: 2024/12/25 21:43:06 [internal/db/db.go:50] Connected succesfully to PostgreSQL
-------------------------
INFO: 2024/12/25 21:43:23 [config/config.go:55] Config loaded successfully
ERROR: 2024/12/25 21:43:23 [internal/db/db.go:40] Unable to connect to database - cannot parse `postgres://:xxxxx@:0/?sslmode=`: invalid port (outside range)
-------------------------
INFO: 2024/12/25 21:44:06 [config/config.go:54] Config loaded successfully
INFO: 2024/12/25 21:44:06 [internal/db/db.go:50] Connected succesfully to PostgreSQL
-------------------------
INFO: 2024/12/25 21:44:22 [config/config.go:54] Config loaded successfully
INFO: 2024/12/25 21:44:22 [internal/db/db.go:50] Connected succesfully to PostgreSQL
-------------------------
INFO: 2024/12/25 21:45:12 [config/config.go:54] Config loaded successfully
INFO: 2024/12/25 21:45:12 [internal/db/db.go:50] Connected succesfully to PostgreSQL
-------------------------
INFO: 2024/12/25 21:47:21 [config/config.go:53] Config loaded successfully
INFO: 2024/12/25 21:47:21 [internal/db/db.go:50] Connected succesfully to PostgreSQL
-------------------------
INFO: 2024/12/25 21:48:41 [config/config.go:57] Config loaded successfully
INFO: 2024/12/25 21:48:41 [internal/db/db.go:50] Connected succesfully to PostgreSQL
-------------------------
INFO: 2024/12/25 21:49:11 [config/config.go:57] Config loaded successfully
INFO: 2024/12/25 21:49:12 [internal/db/db.go:50] Connected succesfully to PostgreSQL
-------------------------
INFO: 2024/12/25 21:49:23 [config/config.go:57] Config loaded successfully
INFO: 2024/12/25 21:49:23 [internal/db/db.go:50] Connected succesfully to PostgreSQL
-------------------------
INFO: 2024/12/25 21:49:44 [config/config.go:57] Config loaded successfully
INFO: 2024/12/25 21:49:44 [internal/db/db.go:50] Connected succesfully to PostgreSQL
-------------------------
INFO: 2024/12/25 22:37:48 [config/config.go:55] Config loaded successfully
INFO: 2024/12/25 22:37:48 [internal/db/db.go:50] Connected succesfully to PostgreSQL
-------------------------
INFO: 2024/12/25 22:39:04 [config/config.go:57] Config loaded successfully
INFO: 2024/12/25 22:39:04 [internal/db/db.go:50] Connected succesfully to PostgreSQL
-------------------------
INFO: 2024/12/25 22:39:34 [config/config.go:57] Config loaded successfully
INFO: 2024/12/25 22:39:34 [internal/db/db.go:50] Connected succesfully to PostgreSQL
-------------------------
INFO: 2024/12/25 22:39:38 [config/config.go:57] Config loaded successfully
INFO: 2024/12/25 22:39:38 [internal/db/db.go:50] Connected succesfully to PostgreSQL
-------------------------
INFO: 2024/12/25 22:39:57 [config/config.go:57] Config loaded successfully
INFO: 2024/12/25 22:39:58 [internal/db/db.go:50] Connected succesfully to PostgreSQL
-------------------------
INFO: 2024/12/25 22:42:51 [config/config.go:55] Config loaded successfully
INFO: 2024/12/25 22:42:51 [internal/db/db.go:50] Connected succesfully to PostgreSQL
ERROR: 2024/12/25 22:48:21 [graph/schema.resolvers.go:70] failed to generate token - key is of invalid type
ERROR: 2024/12/25 22:49:03 [graph/schema.resolvers.go:70] failed to generate token - key is of invalid type
-------------------------
INFO: 2024/12/25 22:49:12 [config/config.go:58] Config loaded successfully
INFO: 2024/12/25 22:49:12 [internal/db/db.go:50] Connected succesfully to PostgreSQL
ERROR: 2024/12/25 22:49:14 [graph/schema.resolvers.go:71] failed to generate token - key is of invalid type
-------------------------
INFO: 2024/12/25 22:51:25 [config/config.go:58] Config loaded successfully
INFO: 2024/12/25 22:51:25 [internal/db/db.go:50] Connected succesfully to PostgreSQL
-------------------------
INFO: 2024/12/29 15:14:25 [config/config.go:58] Config loaded successfully
ERROR: 2024/12/29 15:14:25 [internal/db/db.go:47] Unable to ping database - failed to connect to `user=root database=craft-net-backend_db`: [::1]:5432 (localhost): server error: FATAL: database "craft-net-backend_db" does not exist (SQLSTATE 3D000)
INFO: 2024/12/29 15:14:25 [internal/db/db.go:50] Connected succesfully to PostgreSQL
-------------------------
INFO: 2024/12/29 15:15:09 [config/config.go:58] Config loaded successfully
INFO: 2024/12/29 15:15:09 [internal/db/db.go:50] Connected succesfully to PostgreSQL
-------------------------
INFO: 2024/12/29 16:12:53 [config/config.go:58] Config loaded successfully
INFO: 2024/12/29 16:12:53 [internal/db/db.go:50] Connected succesfully to PostgreSQL
-------------------------
INFO: 2024/12/29 16:14:59 [config/config.go:58] Config loaded successfully
INFO: 2024/12/29 16:14:59 [internal/db/db.go:50] Connected succesfully to PostgreSQL
-------------------------
INFO: 2024/12/29 17:19:42 [config/config.go:58] Config loaded successfully
INFO: 2024/12/29 17:19:42 [internal/db/db.go:50] Connected succesfully to PostgreSQL
-------------------------
INFO: 2024/12/29 17:26:16 [config/config.go:58] Config loaded successfully
INFO: 2024/12/29 17:26:16 [internal/db/db.go:50] Connected succesfully to PostgreSQL
-------------------------
INFO: 2024/12/29 17:29:13 [config/config.go:58] Config loaded successfully
INFO: 2024/12/29 17:29:13 [internal/db/db.go:50] Connected succesfully to PostgreSQL
ERROR: 2024/12/29 17:29:14 [internal/app/sql/account.go:24] Internal server error%!(EXTRA []interface {}=[<nil>])
-------------------------
INFO: 2024/12/29 17:30:06 [config/config.go:58] Config loaded successfully
INFO: 2024/12/29 17:30:06 [internal/db/db.go:50] Connected succesfully to PostgreSQL
ERROR: 2024/12/29 17:30:09 [internal/app/sql/account.go:24] Internal server error%!(EXTRA []interface {}=[<nil>])
-------------------------
INFO: 2024/12/29 17:30:31 [config/config.go:58] Config loaded successfully
INFO: 2024/12/29 17:30:31 [internal/db/db.go:50] Connected succesfully to PostgreSQL
ERROR: 2024/12/29 17:30:33 [internal/app/sql/account.go:24] Internal server error%!(EXTRA []interface {}=[<nil>])
-------------------------
INFO: 2024/12/29 17:31:09 [config/config.go:58] Config loaded successfully
INFO: 2024/12/29 17:31:09 [internal/db/db.go:50] Connected succesfully to PostgreSQL
ERROR: 2024/12/29 17:31:10 [internal/app/sql/account.go:24] Internal server error%!(EXTRA []interface {}=[<nil>])
-------------------------
INFO: 2024/12/29 17:31:36 [config/config.go:58] Config loaded successfully
INFO: 2024/12/29 17:31:36 [internal/db/db.go:50] Connected succesfully to PostgreSQL
ERROR: 2024/12/29 17:31:37 [internal/app/sql/account.go:24] Internal server error%!(EXTRA <nil>)
-------------------------
INFO: 2024/12/29 17:33:35 [config/config.go:58] Config loaded successfully
INFO: 2024/12/29 17:33:35 [internal/db/db.go:50] Connected succesfully to PostgreSQL
ERROR: 2024/12/29 17:33:39 [internal/app/sql/account.go:24] Internal server error
-------------------------
INFO: 2024/12/29 17:34:19 [config/config.go:58] Config loaded successfully
INFO: 2024/12/29 17:34:19 [internal/db/db.go:50] Connected succesfully to PostgreSQL
ERROR: 2024/12/29 17:34:21 [internal/app/sql/account.go:24] Internal server error - no rows in result set
-------------------------
INFO: 2024/12/29 17:36:48 [config/config.go:58] Config loaded successfully
INFO: 2024/12/29 17:36:48 [internal/db/db.go:50] Connected succesfully to PostgreSQL
ERROR: 2024/12/29 17:36:52 [internal/app/sql/account.go:27] Internal server error - no rows in result set
-------------------------
INFO: 2024/12/29 17:38:40 [config/config.go:58] Config loaded successfully
INFO: 2024/12/29 17:38:40 [internal/db/db.go:50] Connected succesfully to PostgreSQL
ERROR: 2024/12/29 17:38:43 [internal/app/sql/account.go:28] Internal server error - no rows in result set
-------------------------
INFO: 2024/12/29 17:39:49 [config/config.go:58] Config loaded successfully
INFO: 2024/12/29 17:39:49 [internal/db/db.go:50] Connected succesfully to PostgreSQL
ERROR: 2024/12/29 17:39:51 [internal/app/sql/account.go:31] Internal server error - no rows in result set
-------------------------
INFO: 2024/12/29 17:41:59 [config/config.go:58] Config loaded successfully
INFO: 2024/12/29 17:41:59 [internal/db/db.go:50] Connected succesfully to PostgreSQL
ERROR: 2024/12/29 17:42:02 [internal/app/sql/account.go:36] Internal server error - no rows in result set
-------------------------
INFO: 2024/12/29 17:43:52 [config/config.go:58] Config loaded successfully
INFO: 2024/12/29 17:43:52 [internal/db/db.go:50] Connected succesfully to PostgreSQL
ERROR: 2024/12/29 17:43:54 [internal/app/services/account_service.go:22] User username already exists
-------------------------
INFO: 2024/12/29 17:44:31 [config/config.go:58] Config loaded successfully
INFO: 2024/12/29 17:44:31 [internal/db/db.go:50] Connected succesfully to PostgreSQL
ERROR: 2024/12/29 17:44:33 [internal/app/sql/account.go:112] Fail to create account
-------------------------
INFO: 2024/12/29 19:24:47 [config/config.go:58] Config loaded successfully
INFO: 2024/12/29 19:24:47 [internal/db/db.go:50] Connected succesfully to PostgreSQL
ERROR: 2024/12/29 19:24:49 [internal/app/sql/account.go:112] Fail to create account - ERROR: column "first_name" of relation "users" does not exist (SQLSTATE 42703)
-------------------------
INFO: 2024/12/29 19:26:16 [config/config.go:58] Config loaded successfully
INFO: 2024/12/29 19:26:16 [internal/db/db.go:50] Connected succesfully to PostgreSQL
ERROR: 2024/12/29 19:26:19 [internal/app/sql/account.go:112] Fail to create account - ERROR: null value in column "id" of relation "users" violates not-null constraint (SQLSTATE 23502)
-------------------------
INFO: 2024/12/29 21:41:18 [config/config.go:58] Config loaded successfully
INFO: 2024/12/29 21:41:18 [internal/db/db.go:50] Connected succesfully to PostgreSQL
ERROR: 2024/12/29 21:41:23 [internal/app/sql/account.go:92] Fail to create account - ERROR: insert or update on table "users" violates foreign key constraint "users_fkey_accounts" (SQLSTATE 23503)
ERROR: 2024/12/29 21:48:55 [internal/app/sql/account.go:123] Fail to create account
-------------------------
INFO: 2024/12/29 21:49:39 [config/config.go:58] Config loaded successfully
INFO: 2024/12/29 21:49:39 [internal/db/db.go:50] Connected succesfully to PostgreSQL
ERROR: 2024/12/29 21:49:40 [internal/app/sql/account.go:123] Fail to create account - ERROR: null value in column "user_id" of relation "accounts" violates not-null constraint (SQLSTATE 23502)
-------------------------
INFO: 2024/12/29 21:51:00 [config/config.go:58] Config loaded successfully
INFO: 2024/12/29 21:51:00 [internal/db/db.go:50] Connected succesfully to PostgreSQL
ERROR: 2024/12/29 21:51:03 [internal/app/sql/account.go:124] Fail to create account - can't scan into dest[1]: cannot scan char (OID 18) in binary format into *string
-------------------------
INFO: 2024/12/29 21:51:31 [config/config.go:58] Config loaded successfully
INFO: 2024/12/29 21:51:31 [internal/db/db.go:50] Connected succesfully to PostgreSQL
ERROR: 2024/12/29 21:51:33 [internal/app/sql/account.go:30] Internal server error - can't scan into dest[2]: cannot scan char (OID 18) in binary format into *string
-------------------------
INFO: 2024/12/29 21:53:50 [config/config.go:58] Config loaded successfully
INFO: 2024/12/29 21:53:50 [internal/db/db.go:50] Connected succesfully to PostgreSQL
-------------------------
INFO: 2024/12/29 21:54:42 [config/config.go:58] Config loaded successfully
INFO: 2024/12/29 21:54:42 [internal/db/db.go:50] Connected succesfully to PostgreSQL
ERROR: 2024/12/29 21:54:44 [internal/app/sql/account.go:31] Internal server error - can't scan into dest[2]: cannot scan char (OID 18) in binary format into *string
-------------------------
INFO: 2024/12/29 21:55:23 [config/config.go:58] Config loaded successfully
INFO: 2024/12/29 21:55:23 [internal/db/db.go:50] Connected succesfully to PostgreSQL
ERROR: 2024/12/29 21:55:25 [internal/app/sql/account.go:32] Internal server error - can't scan into dest[2]: cannot scan char (OID 18) in binary format into *string
-------------------------
INFO: 2024/12/29 21:58:21 [config/config.go:58] Config loaded successfully
INFO: 2024/12/29 21:58:21 [internal/db/db.go:50] Connected succesfully to PostgreSQL
ERROR: 2024/12/29 21:58:25 [internal/app/sql/account.go:32] Internal server error - can't scan into dest[2]: cannot scan char (OID 18) in binary format into *string
-------------------------
INFO: 2024/12/29 23:26:00 [config/config.go:58] Config loaded successfully
INFO: 2024/12/29 23:26:00 [internal/db/db.go:50] Connected succesfully to PostgreSQL
ERROR: 2024/12/29 23:26:05 [internal/app/sql/account.go:32] Internal server error - can't scan into dest[2]: cannot scan char (OID 18) in binary format into *string
-------------------------
INFO: 2024/12/29 23:33:28 [config/config.go:58] Config loaded successfully
INFO: 2024/12/29 23:33:28 [internal/db/db.go:50] Connected succesfully to PostgreSQL
ERROR: 2024/12/29 23:33:33 [internal/app/sql/account.go:32] Internal server error - can't scan into dest[0]: cannot scan int4 (OID 23) in binary format into int32
-------------------------
INFO: 2024/12/30 00:01:26 [config/config.go:58] Config loaded successfully
INFO: 2024/12/30 00:01:26 [internal/db/db.go:50] Connected succesfully to PostgreSQL
ERROR: 2024/12/30 00:01:45 [internal/app/sql/account.go:32] Internal server error - can't scan into dest[0]: cannot scan int4 (OID 23) in binary format into int
-------------------------
INFO: 2024/12/30 00:04:47 [config/config.go:58] Config loaded successfully
INFO: 2024/12/30 00:04:47 [internal/db/db.go:50] Connected succesfully to PostgreSQL
ERROR: 2024/12/30 00:04:53 [internal/app/sql/account.go:32] Internal server error - can't scan into dest[1]: cannot scan int4 (OID 23) in binary format into int
-------------------------
INFO: 2024/12/30 00:05:20 [config/config.go:58] Config loaded successfully
INFO: 2024/12/30 00:05:20 [internal/db/db.go:50] Connected succesfully to PostgreSQL
ERROR: 2024/12/30 00:05:21 [internal/app/sql/account.go:32] Internal server error - can't scan into dest[2]: cannot scan char (OID 18) in binary format into string
-------------------------
INFO: 2024/12/30 00:05:36 [config/config.go:58] Config loaded successfully
INFO: 2024/12/30 00:05:36 [internal/db/db.go:50] Connected succesfully to PostgreSQL
ERROR: 2024/12/30 00:05:38 [internal/app/sql/account.go:32] Internal server error - can't scan into dest[2]: cannot scan char (OID 18) in binary format into *string
-------------------------
INFO: 2024/12/30 00:07:30 [config/config.go:58] Config loaded successfully
INFO: 2024/12/30 00:07:30 [internal/db/db.go:50] Connected succesfully to PostgreSQL
-------------------------
INFO: 2024/12/30 00:08:20 [config/config.go:58] Config loaded successfully
INFO: 2024/12/30 00:08:20 [internal/db/db.go:50] Connected succesfully to PostgreSQL
-------------------------
INFO: 2024/12/30 00:10:26 [config/config.go:58] Config loaded successfully
INFO: 2024/12/30 00:10:26 [internal/db/db.go:50] Connected succesfully to PostgreSQL
-------------------------
INFO: 2024/12/30 00:13:34 [config/config.go:58] Config loaded successfully
INFO: 2024/12/30 00:13:34 [internal/db/db.go:50] Connected succesfully to PostgreSQL
-------------------------
INFO: 2024/12/30 00:16:47 [config/config.go:58] Config loaded successfully
INFO: 2024/12/30 00:16:47 [internal/db/db.go:50] Connected succesfully to PostgreSQL
-------------------------
INFO: 2024/12/30 00:21:17 [config/config.go:58] Config loaded successfully
INFO: 2024/12/30 00:21:17 [internal/db/db.go:50] Connected succesfully to PostgreSQL
ERROR: 2024/12/30 00:21:20 [internal/app/sql/account.go:127] Fail to create account - ERROR: invalid input syntax for type integer: "" (SQLSTATE 22P02)
-------------------------
INFO: 2024/12/30 00:22:46 [config/config.go:58] Config loaded successfully
INFO: 2024/12/30 00:22:46 [internal/db/db.go:50] Connected succesfully to PostgreSQL
ERROR: 2024/12/30 00:22:49 [internal/app/sql/account.go:127] Fail to create account - ERROR: invalid input syntax for type integer: "" (SQLSTATE 22P02)
-------------------------
INFO: 2024/12/30 00:48:40 [config/config.go:58] Config loaded successfully
INFO: 2024/12/30 00:48:40 [internal/db/db.go:50] Connected succesfully to PostgreSQL
ERROR: 2024/12/30 00:48:47 [internal/app/sql/account.go:124] Fail to create account - ERROR: insert or update on table "accounts" violates foreign key constraint "fkey_users_id" (SQLSTATE 23503)
-------------------------
INFO: 2024/12/30 00:49:54 [config/config.go:58] Config loaded successfully
INFO: 2024/12/30 00:49:54 [internal/db/db.go:50] Connected succesfully to PostgreSQL
ERROR: 2024/12/30 00:49:56 [internal/app/sql/account.go:125] Fail to create account - ERROR: insert or update on table "accounts" violates foreign key constraint "fkey_users_id" (SQLSTATE 23503)
-------------------------
INFO: 2024/12/30 00:52:39 [config/config.go:58] Config loaded successfully
INFO: 2024/12/30 00:52:39 [internal/db/db.go:50] Connected succesfully to PostgreSQL
-------------------------
INFO: 2024/12/30 00:53:25 [config/config.go:58] Config loaded successfully
INFO: 2024/12/30 00:53:25 [internal/db/db.go:50] Connected succesfully to PostgreSQL
ERROR: 2024/12/30 00:53:29 [internal/app/sql/account.go:125] Fail to create account - ERROR: insert or update on table "accounts" violates foreign key constraint "fkey_users_id" (SQLSTATE 23503)
-------------------------
INFO: 2024/12/30 00:54:06 [config/config.go:58] Config loaded successfully
INFO: 2024/12/30 00:54:06 [internal/db/db.go:50] Connected succesfully to PostgreSQL
ERROR: 2024/12/30 00:54:11 [internal/app/sql/account.go:125] Fail to create account - ERROR: insert or update on table "accounts" violates foreign key constraint "fkey_users_id" (SQLSTATE 23503)
-------------------------
INFO: 2024/12/30 00:56:44 [config/config.go:58] Config loaded successfully
INFO: 2024/12/30 00:56:44 [internal/db/db.go:50] Connected succesfully to PostgreSQL
ERROR: 2024/12/30 00:56:46 [internal/app/sql/account.go:125] Fail to create account - ERROR: insert or update on table "accounts" violates foreign key constraint "fkey_users_id" (SQLSTATE 23503)
-------------------------
INFO: 2024/12/30 00:57:49 [config/config.go:58] Config loaded successfully
INFO: 2024/12/30 00:57:49 [internal/db/db.go:50] Connected succesfully to PostgreSQL
ERROR: 2024/12/30 00:57:52 [internal/app/sql/account.go:125] Fail to create account - ERROR: insert or update on table "accounts" violates foreign key constraint "fkey_users_id" (SQLSTATE 23503)
ERROR: 2024/12/30 01:00:50 [internal/app/sql/account.go:125] Fail to create account - ERROR: insert or update on table "accounts" violates foreign key constraint "fkey_users_id" (SQLSTATE 23503)
-------------------------
INFO: 2024/12/30 01:01:01 [config/config.go:58] Config loaded successfully
INFO: 2024/12/30 01:01:01 [internal/db/db.go:50] Connected succesfully to PostgreSQL
ERROR: 2024/12/30 01:01:03 [internal/app/sql/account.go:125] Fail to create account - ERROR: insert or update on table "accounts" violates foreign key constraint "fkey_users_id" (SQLSTATE 23503)
ERROR: 2024/12/30 01:02:47 [internal/app/sql/account.go:125] Fail to create account - ERROR: insert or update on table "accounts" violates foreign key constraint "fkey_users_id" (SQLSTATE 23503)
-------------------------
INFO: 2024/12/30 15:44:47 [config/config.go:58] Config loaded successfully
ERROR: 2024/12/30 15:44:47 [internal/db/db.go:41] Unable to connect to database - cannot parse `mysql://root:xxxxxx@tcp(localhost:3306)/craftnet`: failed to parse as keyword/value (invalid keyword/value)
-------------------------
INFO: 2024/12/30 16:07:12 [config/config.go:55] Config loaded successfully
INFO: 2024/12/30 16:07:12 [internal/db/db.go:44] Connected succesfully to PostgreSQL
-------------------------
INFO: 2024/12/30 16:07:43 [config/config.go:55] Config loaded successfully
INFO: 2024/12/30 16:07:43 [internal/db/db.go:44] Connected succesfully to database
ERROR: 2024/12/30 16:07:51 [internal/app/sql/account.go:28] Internal server error - sql: database is closed
-------------------------
INFO: 2024/12/30 16:08:39 [config/config.go:55] Config loaded successfully
INFO: 2024/12/30 16:08:39 [internal/db/db.go:43] Connected succesfully to database
ERROR: 2024/12/30 16:08:44 [internal/app/sql/account.go:86] Fail to create account - Error 1064 (42000): You have an error in your SQL syntax; check the manual that corresponds to your MySQL server version for the right syntax to use near 'RETURNING id' at line 3
-------------------------
INFO: 2024/12/30 16:14:05 [config/config.go:55] Config loaded successfully
INFO: 2024/12/30 16:14:05 [internal/db/db.go:43] Connected succesfully to database
ERROR: 2024/12/30 16:14:08 [internal/app/sql/account.go:86] Fail to create account - Error 1064 (42000): You have an error in your SQL syntax; check the manual that corresponds to your MySQL server version for the right syntax to use near 'SELECT LAST_INSERT_ID()' at line 3
-------------------------
INFO: 2024/12/30 16:15:30 [config/config.go:55] Config loaded successfully
INFO: 2024/12/30 16:15:30 [internal/db/db.go:43] Connected succesfully to database
ERROR: 2024/12/30 16:15:32 [internal/app/sql/account.go:86] Fail to create account - Error 1064 (42000): You have an error in your SQL syntax; check the manual that corresponds to your MySQL server version for the right syntax to use near 'SELECT LAST_INSERT_ID()' at line 3
-------------------------
INFO: 2024/12/30 16:18:15 [config/config.go:55] Config loaded successfully
INFO: 2024/12/30 16:18:15 [internal/db/db.go:43] Connected succesfully to database
ERROR: 2024/12/30 16:18:19 [internal/app/sql/account.go:86] Fail to create account - Error 1064 (42000): You have an error in your SQL syntax; check the manual that corresponds to your MySQL server version for the right syntax to use near 'SELECT LAST_INSERT_ID()' at line 3
-------------------------
INFO: 2024/12/30 16:20:32 [config/config.go:55] Config loaded successfully
INFO: 2024/12/30 16:20:32 [internal/db/db.go:43] Connected succesfully to database
ERROR: 2024/12/30 16:20:35 [internal/app/sql/account.go:86] Fail to create account - Error 1064 (42000): You have an error in your SQL syntax; check the manual that corresponds to your MySQL server version for the right syntax to use near 'SELECT LAST_INSERT_ID()' at line 3
-------------------------
INFO: 2024/12/30 16:34:20 [config/config.go:55] Config loaded successfully
INFO: 2024/12/30 16:34:20 [internal/db/db.go:43] Connected succesfully to database
ERROR: 2024/12/30 16:34:23 [internal/app/sql/account.go:85] Fail to create account - Error 1054 (42S22): Unknown column 'date_of_birth' in 'field list'
-------------------------
INFO: 2024/12/30 16:35:04 [config/config.go:55] Config loaded successfully
INFO: 2024/12/30 16:35:04 [internal/db/db.go:43] Connected succesfully to database
INFO: 2024/12/30 16:35:06 [internal/app/sql/account.go:104] Inserted user with id 1
ERROR: 2024/12/30 16:35:06 [internal/app/sql/account.go:127] Fail to create account - Error 1054 (42S22): Unknown column 'updated_at' in 'field list'
-------------------------
INFO: 2024/12/30 16:37:46 [config/config.go:55] Config loaded successfully
INFO: 2024/12/30 16:37:46 [internal/db/db.go:43] Connected succesfully to database
INFO: 2024/12/30 16:37:47 [internal/app/sql/account.go:104] Inserted user with id 2
ERROR: 2024/12/30 16:37:47 [internal/app/sql/account.go:127] Fail to create account - Error 1054 (42S22): Unknown column 'updated_at' in 'field list'
-------------------------
INFO: 2024/12/30 16:39:43 [config/config.go:55] Config loaded successfully
INFO: 2024/12/30 16:39:43 [internal/db/db.go:43] Connected succesfully to database
INFO: 2024/12/30 16:39:46 [internal/app/sql/account.go:104] Inserted user with id 3
ERROR: 2024/12/30 16:39:46 [internal/app/sql/account.go:127] Fail to create account - Error 1364 (HY000): Field 'status' doesn't have a default value
INFO: 2024/12/30 16:40:28 [internal/app/sql/account.go:104] Inserted user with id 4
ERROR: 2024/12/30 16:41:18 [internal/app/sql/account.go:127] Fail to create account - Error 1205 (HY000): Lock wait timeout exceeded; try restarting transaction
-------------------------
INFO: 2024/12/30 17:30:07 [config/config.go:55] Config loaded successfully
ERROR: 2024/12/30 17:30:07 [internal/db/db.go:40] Unable to connect to database - dial tcp [::1]:3306: connect: connection refused
-------------------------
INFO: 2024/12/30 17:30:28 [config/config.go:55] Config loaded successfully
INFO: 2024/12/30 17:30:28 [internal/db/db.go:43] Connected succesfully to database
INFO: 2024/12/30 17:30:37 [internal/app/sql/account.go:104] Inserted user with id 5
ERROR: 2024/12/30 17:31:27 [internal/app/sql/account.go:127] Fail to create account - Error 1205 (HY000): Lock wait timeout exceeded; try restarting transaction
-------------------------
INFO: 2024/12/30 17:34:33 [config/config.go:55] Config loaded successfully
INFO: 2024/12/30 17:34:33 [internal/db/db.go:43] Connected succesfully to database
INFO: 2024/12/30 17:34:43 [internal/app/sql/account.go:104] Inserted user with id 6
INFO: 2024/12/30 17:34:43 [internal/app/sql/account.go:146] Inserted account with id 3
INFO: 2024/12/30 17:34:43 [internal/app/sql/account.go:159] CreateAccount occured succesfully
ERROR: 2024/12/30 17:38:18 [internal/app/services/account_service.go:21] User username already exists
INFO: 2024/12/30 17:38:22 [internal/app/sql/account.go:104] Inserted user with id 7
INFO: 2024/12/30 17:38:22 [internal/app/sql/account.go:146] Inserted account with id 4
INFO: 2024/12/30 17:38:22 [internal/app/sql/account.go:159] CreateAccount occured succesfully
-------------------------
INFO: 2024/12/30 17:40:29 [config/config.go:55] Config loaded successfully
INFO: 2024/12/30 17:40:29 [internal/db/db.go:43] Connected succesfully to database
INFO: 2024/12/30 17:40:46 [internal/app/sql/account.go:104] Inserted user with id 8
INFO: 2024/12/30 17:40:46 [internal/app/sql/account.go:143] Inserted account with id 5
INFO: 2024/12/30 17:40:46 [internal/app/sql/account.go:156] CreateAccount occured succesfully
-------------------------
INFO: 2024/12/30 18:34:13 [config/config.go:55] Config loaded successfully
INFO: 2024/12/30 18:34:13 [internal/db/db.go:43] Connected succesfully to database
INFO: 2024/12/30 18:34:14 [internal/app/sql/account.go:104] Inserted user with id 9
INFO: 2024/12/30 18:34:14 [internal/app/sql/account.go:143] Inserted account with id 6
INFO: 2024/12/30 18:34:14 [internal/app/sql/account.go:156] CreateAccount occured succesfully
-------------------------
INFO: 2024/12/30 18:34:41 [config/config.go:55] Config loaded successfully
INFO: 2024/12/30 18:34:41 [internal/db/db.go:43] Connected succesfully to database
ERROR: 2024/12/30 18:34:52 [internal/app/services/account_service.go:21] User username3 already exists
INFO: 2024/12/30 18:34:56 [internal/app/sql/account.go:104] Inserted user with id 10
INFO: 2024/12/30 18:34:56 [internal/app/sql/account.go:143] Inserted account with id 7
INFO: 2024/12/30 18:34:56 [internal/app/sql/account.go:156] CreateAccount occured succesfully
-------------------------
INFO: 2024/12/30 18:35:30 [config/config.go:55] Config loaded successfully
INFO: 2024/12/30 18:35:30 [internal/db/db.go:43] Connected succesfully to database
INFO: 2024/12/30 18:35:33 [internal/app/sql/account.go:104] Inserted user with id 11
INFO: 2024/12/30 18:35:33 [internal/app/sql/account.go:143] Inserted account with id 8
INFO: 2024/12/30 18:35:33 [internal/app/sql/account.go:156] CreateAccount occured succesfully
-------------------------
INFO: 2024/12/30 19:15:10 [config/config.go:55] Config loaded successfully
INFO: 2024/12/30 19:15:10 [internal/db/db.go:43] Connected succesfully to database
ERROR: 2024/12/30 19:16:17 [internal/app/services/account_service.go:68] Invalid username or password
-------------------------
INFO: 2024/12/30 19:16:27 [config/config.go:55] Config loaded successfully
INFO: 2024/12/30 19:16:27 [internal/db/db.go:43] Connected succesfully to database
ERROR: 2024/12/30 19:16:29 [internal/app/services/account_service.go:68] Invalid username or password
-------------------------
INFO: 2024/12/30 19:17:00 [config/config.go:55] Config loaded successfully
INFO: 2024/12/30 19:17:00 [internal/db/db.go:43] Connected succesfully to database
ERROR: 2024/12/30 19:17:05 [internal/app/services/account_service.go:71] Invalid username or password
-------------------------
INFO: 2024/12/30 19:17:14 [config/config.go:55] Config loaded successfully
INFO: 2024/12/30 19:17:15 [internal/db/db.go:43] Connected succesfully to database
ERROR: 2024/12/30 19:17:16 [internal/app/services/account_service.go:71] Invalid username or password
-------------------------
INFO: 2024/12/30 19:17:29 [config/config.go:55] Config loaded successfully
INFO: 2024/12/30 19:17:29 [internal/db/db.go:43] Connected succesfully to database
ERROR: 2024/12/30 19:17:30 [internal/app/services/account_service.go:71] Invalid username or password
-------------------------
INFO: 2024/12/30 19:17:47 [config/config.go:55] Config loaded successfully
INFO: 2024/12/30 19:17:47 [internal/db/db.go:43] Connected succesfully to database
ERROR: 2024/12/30 19:17:49 [internal/app/services/account_service.go:71] Invalid username or password
-------------------------
INFO: 2024/12/30 19:18:36 [config/config.go:55] Config loaded successfully
INFO: 2024/12/30 19:18:36 [internal/db/db.go:43] Connected succesfully to database
ERROR: 2024/12/30 19:18:38 [internal/app/services/account_service.go:71] Invalid username or password
-------------------------
INFO: 2024/12/30 19:18:46 [config/config.go:55] Config loaded successfully
INFO: 2024/12/30 19:18:46 [internal/db/db.go:43] Connected succesfully to database
ERROR: 2024/12/30 19:18:48 [internal/app/services/account_service.go:71] Invalid username or password
-------------------------
INFO: 2024/12/30 19:19:36 [config/config.go:55] Config loaded successfully
INFO: 2024/12/30 19:19:36 [internal/db/db.go:43] Connected succesfully to database
-------------------------
INFO: 2024/12/30 19:29:37 [config/config.go:55] Config loaded successfully
INFO: 2024/12/30 19:29:37 [internal/db/db.go:43] Connected succesfully to database
-------------------------
INFO: 2024/12/30 19:37:14 [config/config.go:55] Config loaded successfully
INFO: 2024/12/30 19:37:14 [internal/db/db.go:43] Connected succesfully to database
-------------------------
ERROR: 2024/12/31 00:06:14 [config/config.go:46] Error reading config file - Config File "config" Not Found in "[/Users/honghavan/Documents/code/craft-net-backend/cmd]"
INFO: 2024/12/31 00:06:14 [config/config.go:55] Config loaded successfully
INFO: 2024/12/31 00:06:14 [config/config.go:55] Config loaded successfully
INFO: 2024/12/31 00:06:14 [internal/db/db.go:43] Connected succesfully to database
-------------------------
ERROR: 2024/12/31 00:07:06 [config/config.go:51] Error reading config file - Config File "config" Not Found in "[/Users/honghavan/Documents/code/craft-net-backend/cmd]"
INFO: 2024/12/31 00:07:06 [config/config.go:60] Config loaded successfully
ERROR: 2024/12/31 00:07:06 [internal/db/db.go:40] Unable to connect to database - dial tcp :0: connect: can't assign requested address
-------------------------
INFO: 2024/12/31 00:07:40 [config/config.go:60] Config loaded successfully
INFO: 2024/12/31 00:07:40 [internal/db/db.go:43] Connected succesfully to database
-------------------------
INFO: 2024/12/31 00:12:17 [config/config.go:60] Config loaded successfully
INFO: 2024/12/31 00:12:17 [internal/db/db.go:43] Connected succesfully to database
-------------------------
INFO: 2024/12/31 00:18:34 [config/config.go:60] Config loaded successfully
INFO: 2024/12/31 00:18:34 [internal/db/db.go:43] Connected succesfully to database
-------------------------
INFO: 2024/12/31 00:20:28 [config/config.go:60] Config loaded successfully
INFO: 2024/12/31 00:20:28 [internal/db/db.go:43] Connected succesfully to database
-------------------------
INFO: 2025/01/01 21:46:37 [config/config.go:60] Config loaded successfully
INFO: 2025/01/01 21:46:37 [internal/db/db.go:43] Connected succesfully to database
-------------------------
INFO: 2025/01/02 17:23:00 [config/config.go:60] Config loaded successfully
INFO: 2025/01/02 17:23:00 [internal/db/db.go:43] Connected succesfully to database
-------------------------
INFO: 2025/01/05 22:00:39 [config/config.go:60] Config loaded successfully
ERROR: 2025/01/05 22:00:39 [internal/db/db.go:40] Unable to connect to database - dial tcp [::1]:3306: connect: connection refused
-------------------------
INFO: 2025/01/05 22:12:52 [config/config.go:60] Config loaded successfully
INFO: 2025/01/05 22:12:52 [internal/db/db.go:43] Connected succesfully to database
ERROR: 2025/01/06 00:21:32 [internal/app/services/auth.go:24] Invalid username or password
ERROR: 2025/01/06 00:33:05 [internal/app/services/auth.go:24] Invalid username or password
ERROR: 2025/01/06 00:33:20 [internal/app/services/auth.go:24] Invalid username or password
ERROR: 2025/01/06 00:47:25 [internal/app/services/auth.go:34] Invalid username or password
ERROR: 2025/01/06 00:48:32 [internal/app/services/auth.go:24] Invalid username or password
ERROR: 2025/01/06 00:50:27 [internal/app/services/auth.go:24] Invalid username or password
ERROR: 2025/01/06 00:50:39 [internal/app/services/auth.go:24] Invalid username or password
ERROR: 2025/01/06 00:50:52 [internal/app/services/auth.go:24] Invalid username or password
ERROR: 2025/01/06 00:51:12 [internal/app/services/auth.go:24] Invalid username or password
ERROR: 2025/01/06 00:51:32 [internal/app/services/auth.go:24] Invalid username or password
-------------------------
INFO: 2025/01/06 23:55:40 [config/config.go:60] Config loaded successfully
INFO: 2025/01/06 23:55:40 [internal/db/db.go:43] Connected succesfully to database
-------------------------
INFO: 2025/01/07 22:20:47 [config/config.go:60] Config loaded successfully
INFO: 2025/01/07 22:20:47 [internal/db/db.go:43] Connected succesfully to database
-------------------------
INFO: 2025/01/07 22:54:04 [config/config.go:60] Config loaded successfully
INFO: 2025/01/07 22:54:04 [internal/db/db.go:43] Connected succesfully to database
-------------------------
INFO: 2025/01/07 22:57:04 [config/config.go:60] Config loaded successfully
INFO: 2025/01/07 22:57:04 [internal/db/db.go:43] Connected succesfully to database
ERROR: 2025/01/07 22:57:08 [internal/app/sql/user.go:40] Internal server error - sql: expected 8 destination arguments in Scan, not 7
-------------------------
INFO: 2025/01/07 23:02:14 [config/config.go:60] Config loaded successfully
INFO: 2025/01/07 23:02:14 [internal/db/db.go:43] Connected succesfully to database
-------------------------
INFO: 2025/01/07 23:04:42 [config/config.go:60] Config loaded successfully
INFO: 2025/01/07 23:04:42 [internal/db/db.go:43] Connected succesfully to database
ERROR: 2025/01/07 23:09:04 [internal/app/sql/user.go:40] Internal server error - sql: expected 8 destination arguments in Scan, not 7
-------------------------
INFO: 2025/01/07 23:10:14 [config/config.go:60] Config loaded successfully
INFO: 2025/01/07 23:10:14 [internal/db/db.go:43] Connected succesfully to database
ERROR: 2025/01/07 23:10:18 [internal/app/sql/user.go:40] Internal server error - sql: Scan error on column index 6, name "avatar_img_path": converting NULL to string is unsupported
-------------------------
INFO: 2025/01/07 23:11:57 [config/config.go:60] Config loaded successfully
INFO: 2025/01/07 23:11:57 [internal/db/db.go:43] Connected succesfully to database
-------------------------
INFO: 2025/01/07 23:19:05 [config/config.go:60] Config loaded successfully
INFO: 2025/01/07 23:19:05 [internal/db/db.go:43] Connected succesfully to database
-------------------------
INFO: 2025/01/07 23:19:45 [config/config.go:60] Config loaded successfully
INFO: 2025/01/07 23:19:45 [internal/db/db.go:43] Connected succesfully to database
